<?xml version="1.0" encoding="UTF-8"?>
<!-- Generated by org.testng.reporters.JUnitReportReporter -->
<testsuite hostname="TGSI-CPU-14009" failures="0" tests="1" name="Part1.firstTest" time="5.281" errors="0" timestamp="2025-07-09T13:23:18 GMT+08:00" skipped="0">
  <testcase classname="Part1.firstTest" name="testLogginApplication" time="5.281"/>
</testsuite> <!-- Part1.firstTest -->
