<?xml version="1.0" encoding="UTF-8"?>
<!-- Generated by org.testng.reporters.JUnitReportReporter -->
<testsuite hostname="TGSI-CPU-14009" failures="0" tests="1" name="Part2.testLogin.LoginTest" time="0.366" errors="0" timestamp="2025-07-09T16:01:21 GMT+08:00" skipped="0">
  <testcase classname="Part2.testLogin.LoginTest" name="testLoginErrorMessage" time="0.366"/>
</testsuite> <!-- Part2.testLogin.LoginTest -->
