<?xml version="1.0" encoding="UTF-8"?>
<!-- Generated by org.testng.reporters.JUnitReportReporter -->
<testsuite hostname="TGSI-CPU-14009" failures="0" tests="1" name="Part3.test.part3.forms.RadioButtonTest" time="8.393" errors="0" timestamp="2025-07-10T14:00:54 GMT+08:00" skipped="0">
  <testcase classname="Part3.test.part3.forms.RadioButtonTest" name="testRadioButton" time="8.393"/>
</testsuite> <!-- Part3.test.part3.forms.RadioButtonTest -->
