<?xml version="1.0" encoding="UTF-8"?>
<!-- Generated by org.testng.reporters.JUnitReportReporter -->
<testsuite hostname="TGSI-CPU-14009" failures="0" tests="1" name="Part2.Test.testLogin.LoginTest" time="0.340" errors="0" timestamp="2025-07-10T09:18:37 GMT+08:00" skipped="0">
  <testcase classname="Part2.Test.testLogin.LoginTest" name="testLoginErrorMessage" time="0.340"/>
</testsuite> <!-- Part2.Test.testLogin.LoginTest -->
