<?xml version="1.0" encoding="UTF-8"?>
<!-- Generated by org.testng.reporters.JUnitReportReporter -->
<testsuite hostname="TGSI-CPU-14009" failures="0" tests="1" name="Part3.test.part4.frames.testFrames" time="11.271" errors="0" timestamp="2025-07-17T14:31:33 GMT+08:00" skipped="0">
  <testcase classname="Part3.test.part4.frames.testFrames" name="testFramesSmallBox" time="11.271"/>
</testsuite> <!-- Part3.test.part4.frames.testFrames -->
