<?xml version="1.0" encoding="UTF-8"?>
<!-- Generated by org.testng.reporters.JUnitReportReporter -->
<testsuite hostname="TGSI-CPU-14009" failures="0" tests="1" name="Part3.test.part4.alerts.AlertsTest" time="11.564" errors="0" timestamp="2025-07-17T08:40:16 GMT+08:00" skipped="0">
  <testcase classname="Part3.test.part4.alerts.AlertsTest" name="testPromtAlert" time="11.564"/>
</testsuite> <!-- Part3.test.part4.alerts.AlertsTest -->
