<?xml version="1.0" encoding="UTF-8"?>
<!-- Generated by org.testng.reporters.JUnitReportReporter -->
<testsuite hostname="TGSI-CPU-14009" failures="0" tests="1" name="Part3.test.part4.window.WindowTest" time="8.140" errors="0" timestamp="2025-07-28T08:27:02 GMT+08:00" skipped="0">
  <testcase classname="Part3.test.part4.window.WindowTest" name="testNewWindow" time="8.140"/>
</testsuite> <!-- Part3.test.part4.window.WindowTest -->
