<?xml version="1.0" encoding="UTF-8"?>
<!-- Generated by org.testng.reporters.JUnitReportReporter -->
<testsuite hostname="TGSI-CPU-14009" failures="0" tests="1" name="Part3.test.part4.screenshot.CaptureFailedScreenshotTest" time="8.440" errors="0" timestamp="2025-07-16T13:07:59 GMT+08:00" skipped="0">
  <testcase classname="Part3.test.part4.screenshot.CaptureFailedScreenshotTest" name="testClickingSubmitButtonWithoutJavaScriptExecutor" time="8.440"/>
</testsuite> <!-- Part3.test.part4.screenshot.CaptureFailedScreenshotTest -->
